{"uuid":"093ad03b-3b14-4771-9366-8c40b9c8a1b5","historyId":"1993736e413a88a893fa9240069d939","fullName":"Automate Calculator Using WinAppDriver: division the two Number","labels":[{"name":"tag","value":"Division"},{"name":"host","value":"QT-INBG-LT0454"},{"name":"thread","value":"23084@QT-INBG-LT0454.main(1)"},{"name":"feature","value":"Automate Calculator Using WinAppDriver"},{"name":"story","value":"division the two Number"},{"name":"suite","value":"Automate Calculator Using WinAppDriver"},{"name":"testClass","value":"division the two Number"},{"name":"framework","value":"cucumber5jvm"},{"name":"language","value":"java"},{"name":"gherkin_uri","value":"file:///C:/Users/gowtham.n/IdeaProjects/WinAppDriver/src/test/java/FeatureFile/Calculator.feature"},{"name":"package","value":"src.test.java.FeatureFile.Calculator_feature.Automate Calculator Using WinAppDriver"}],"links":[],"name":"division the two Number","status":"failed","statusDetails":{"known":false,"muted":false,"flaky":false,"message":"expected [1.0] but found [1.340490797546012]","trace":"java.lang.AssertionError: expected [1.0] but found [1.340490797546012]\r\n\tat org.testng.Assert.fail(Assert.java:110)\r\n\tat org.testng.Assert.failNotEquals(Assert.java:1577)\r\n\tat org.testng.Assert.assertEqualsImpl(Assert.java:149)\r\n\tat org.testng.Assert.assertEquals(Assert.java:131)\r\n\tat org.testng.Assert.assertEquals(Assert.java:643)\r\n\tat PageObjects.ExpectedResults.divisionesults(ExpectedResults.java:50)\r\n\tat StepsDefination.CalsiSteps.get_the_results_of_division_and(CalsiSteps.java:47)\r\n\tat ✽.get the results of division \"874\" and \"652\"(file:///C:/Users/gowtham.n/IdeaProjects/WinAppDriver/src/test/java/FeatureFile/Calculator.feature:16)\r\n"},"stage":"finished","steps":[{"name":"Given  User is able to Open the  Windows Calculator","status":"passed","statusDetails":{"known":false,"muted":false,"flaky":false},"stage":"finished","steps":[],"attachments":[],"parameters":[],"start":1681462897396,"stop":1681462898728},{"name":"When  User is able Select the two Number \"874\" and \"652\" and division operation","status":"passed","statusDetails":{"known":false,"muted":false,"flaky":false},"stage":"finished","steps":[],"attachments":[],"parameters":[],"start":1681462898732,"stop":1681462902054},{"name":"When  get the results of division \"874\" and \"652\"","status":"failed","statusDetails":{"known":false,"muted":false,"flaky":false,"message":"expected [1.0] but found [1.340490797546012]","trace":"java.lang.AssertionError: expected [1.0] but found [1.340490797546012]\r\n\tat org.testng.Assert.fail(Assert.java:110)\r\n\tat org.testng.Assert.failNotEquals(Assert.java:1577)\r\n\tat org.testng.Assert.assertEqualsImpl(Assert.java:149)\r\n\tat org.testng.Assert.assertEquals(Assert.java:131)\r\n\tat org.testng.Assert.assertEquals(Assert.java:643)\r\n\tat PageObjects.ExpectedResults.divisionesults(ExpectedResults.java:50)\r\n\tat StepsDefination.CalsiSteps.get_the_results_of_division_and(CalsiSteps.java:47)\r\n\tat ✽.get the results of division \"874\" and \"652\"(file:///C:/Users/gowtham.n/IdeaProjects/WinAppDriver/src/test/java/FeatureFile/Calculator.feature:16)\r\n"},"stage":"finished","steps":[],"attachments":[],"parameters":[],"start":1681462902054,"stop":1681462902209},{"name":"Then  Verify the Results","status":"skipped","statusDetails":{"known":false,"muted":false,"flaky":false},"stage":"finished","steps":[],"attachments":[],"parameters":[],"start":1681462902342,"stop":1681462902342}],"attachments":[],"parameters":[{"name":"Digits1","value":"874"},{"name":"Digits2","value":"652"}],"start":1681462897393,"stop":1681462902343}