{"uuid":"0dfe01ce-1064-4ba5-b7bf-ba4a1f8dd3bc","historyId":"5cb48d86bcb1af904b82fb798946dd11","fullName":"Automate Calculator Using WinAppDriver: multiplie the two Number","labels":[{"name":"tag","value":"Multiplication"},{"name":"host","value":"QT-INBG-LT0454"},{"name":"thread","value":"11532@QT-INBG-LT0454.main(1)"},{"name":"feature","value":"Automate Calculator Using WinAppDriver"},{"name":"story","value":"multiplie the two Number"},{"name":"suite","value":"Automate Calculator Using WinAppDriver"},{"name":"testClass","value":"multiplie the two Number"},{"name":"framework","value":"cucumber5jvm"},{"name":"language","value":"java"},{"name":"gherkin_uri","value":"file:///C:/Users/gowtham.n/IdeaProjects/WinAppDriver/src/test/java/FeatureFile/Calculator.feature"},{"name":"package","value":"src.test.java.FeatureFile.Calculator_feature.Automate Calculator Using WinAppDriver"}],"links":[],"name":"multiplie the two Number","status":"failed","statusDetails":{"known":false,"muted":false,"flaky":false,"message":"expected [98762] but found [22647]","trace":"java.lang.AssertionError: expected [98762] but found [22647]\r\n\tat org.testng.Assert.fail(Assert.java:110)\r\n\tat org.testng.Assert.failNotEquals(Assert.java:1577)\r\n\tat org.testng.Assert.assertEqualsImpl(Assert.java:149)\r\n\tat org.testng.Assert.assertEquals(Assert.java:131)\r\n\tat org.testng.Assert.assertEquals(Assert.java:1418)\r\n\tat org.testng.Assert.assertEquals(Assert.java:1382)\r\n\tat org.testng.Assert.assertEquals(Assert.java:1428)\r\n\tat PageObjects.ExpectedResults.mutltipleresults(ExpectedResults.java:27)\r\n\tat StepsDefination.CalsiSteps.get_the_results_of_and(CalsiSteps.java:39)\r\n\tat ✽.get the results of \"226\" and \"437\"(file:///C:/Users/gowtham.n/IdeaProjects/WinAppDriver/src/test/java/FeatureFile/Calculator.feature:6)\r\n"},"stage":"finished","steps":[{"name":"Given  User is able to Open the  Windows Calculator","status":"passed","statusDetails":{"known":false,"muted":false,"flaky":false},"stage":"finished","steps":[],"attachments":[],"parameters":[],"start":1681468812345,"stop":1681468814095},{"name":"When  User is able Select the two Number \"226\" and \"437\" and multiplication operation","status":"passed","statusDetails":{"known":false,"muted":false,"flaky":false},"stage":"finished","steps":[],"attachments":[],"parameters":[],"start":1681468814098,"stop":1681468818533},{"name":"When  get the results of \"226\" and \"437\"","status":"failed","statusDetails":{"known":false,"muted":false,"flaky":false,"message":"expected [98762] but found [22647]","trace":"java.lang.AssertionError: expected [98762] but found [22647]\r\n\tat org.testng.Assert.fail(Assert.java:110)\r\n\tat org.testng.Assert.failNotEquals(Assert.java:1577)\r\n\tat org.testng.Assert.assertEqualsImpl(Assert.java:149)\r\n\tat org.testng.Assert.assertEquals(Assert.java:131)\r\n\tat org.testng.Assert.assertEquals(Assert.java:1418)\r\n\tat org.testng.Assert.assertEquals(Assert.java:1382)\r\n\tat org.testng.Assert.assertEquals(Assert.java:1428)\r\n\tat PageObjects.ExpectedResults.mutltipleresults(ExpectedResults.java:27)\r\n\tat StepsDefination.CalsiSteps.get_the_results_of_and(CalsiSteps.java:39)\r\n\tat ✽.get the results of \"226\" and \"437\"(file:///C:/Users/gowtham.n/IdeaProjects/WinAppDriver/src/test/java/FeatureFile/Calculator.feature:6)\r\n"},"stage":"finished","steps":[],"attachments":[],"parameters":[],"start":1681468818534,"stop":1681468818700},{"name":"Then  Verify the Results","status":"skipped","statusDetails":{"known":false,"muted":false,"flaky":false},"stage":"finished","steps":[],"attachments":[],"parameters":[],"start":1681468818851,"stop":1681468818852}],"attachments":[],"parameters":[{"name":"Digits1","value":"226"},{"name":"Digits2","value":"437"}],"start":1681468812342,"stop":1681468818853}