{"uuid":"28ba3ba6-ce36-47fc-9df6-8676ad55e8a2","historyId":"2c3d143984bb3ed516c2fc4446aa4e61","fullName":"Automate Calculator Using WinAppDriver: calculate the length","labels":[{"name":"tag","value":"Length"},{"name":"host","value":"QT-INBG-LT0454"},{"name":"thread","value":"3896@QT-INBG-LT0454.main(1)"},{"name":"feature","value":"Automate Calculator Using WinAppDriver"},{"name":"story","value":"calculate the length"},{"name":"suite","value":"Automate Calculator Using WinAppDriver"},{"name":"testClass","value":"calculate the length"},{"name":"framework","value":"cucumber5jvm"},{"name":"language","value":"java"},{"name":"gherkin_uri","value":"file:///C:/Users/gowtham.n/IdeaProjects/WinAppDriver/src/test/java/FeatureFile/Calculator.feature"},{"name":"package","value":"src.test.java.FeatureFile.Calculator_feature.Automate Calculator Using WinAppDriver"}],"links":[],"name":"calculate the length","status":"failed","statusDetails":{"known":false,"muted":false,"flaky":false,"message":"expected [false] but found [true]","trace":"java.lang.AssertionError: expected [false] but found [true]\r\n\tat org.testng.Assert.fail(Assert.java:110)\r\n\tat org.testng.Assert.failNotEquals(Assert.java:1577)\r\n\tat org.testng.Assert.assertFalse(Assert.java:78)\r\n\tat org.testng.Assert.assertFalse(Assert.java:88)\r\n\tat PageObjects.ExpectedResults.lengthresults(ExpectedResults.java:78)\r\n\tat StepsDefination.CalsiSteps.get_the_Inches_results_of(CalsiSteps.java:63)\r\n\tat ✽.get the Inches results of \"19\"(file:///C:/Users/gowtham.n/IdeaProjects/WinAppDriver/src/test/java/FeatureFile/Calculator.feature:36)\r\n"},"stage":"finished","steps":[{"name":"Given  User is able to Open the  Windows Calculator","status":"passed","statusDetails":{"known":false,"muted":false,"flaky":false},"stage":"finished","steps":[],"attachments":[],"parameters":[],"start":1681890564103,"stop":1681890568393},{"name":"When  User is able Select the Centimeter \"19\" do operation","status":"passed","statusDetails":{"known":false,"muted":false,"flaky":false},"stage":"finished","steps":[],"attachments":[],"parameters":[],"start":1681890568397,"stop":1681890572225},{"name":"When  get the Inches results of \"19\"","status":"failed","statusDetails":{"known":false,"muted":false,"flaky":false,"message":"expected [false] but found [true]","trace":"java.lang.AssertionError: expected [false] but found [true]\r\n\tat org.testng.Assert.fail(Assert.java:110)\r\n\tat org.testng.Assert.failNotEquals(Assert.java:1577)\r\n\tat org.testng.Assert.assertFalse(Assert.java:78)\r\n\tat org.testng.Assert.assertFalse(Assert.java:88)\r\n\tat PageObjects.ExpectedResults.lengthresults(ExpectedResults.java:78)\r\n\tat StepsDefination.CalsiSteps.get_the_Inches_results_of(CalsiSteps.java:63)\r\n\tat ✽.get the Inches results of \"19\"(file:///C:/Users/gowtham.n/IdeaProjects/WinAppDriver/src/test/java/FeatureFile/Calculator.feature:36)\r\n"},"stage":"finished","steps":[],"attachments":[],"parameters":[],"start":1681890572227,"stop":1681890572575},{"name":"Then  Verify the Results","status":"skipped","statusDetails":{"known":false,"muted":false,"flaky":false},"stage":"finished","steps":[],"attachments":[],"parameters":[],"start":1681890572940,"stop":1681890572941}],"attachments":[],"parameters":[{"name":"Digits1","value":"19"}],"start":1681890564100,"stop":1681890572945}