{"uuid":"5417d8c2-1877-4979-85ab-46fbd7b2884c","historyId":"2d7e4f05f43280048d3857831ce5fad3","fullName":"Automate Calculator Using WinAppDriver: calculate the Arithematic Operations","labels":[{"name":"tag","value":"ArithematicOperation"},{"name":"host","value":"QT-INBG-LT0454"},{"name":"thread","value":"3688@QT-INBG-LT0454.main(1)"},{"name":"feature","value":"Automate Calculator Using WinAppDriver"},{"name":"story","value":"calculate the Arithematic Operations"},{"name":"suite","value":"Automate Calculator Using WinAppDriver"},{"name":"testClass","value":"calculate the Arithematic Operations"},{"name":"framework","value":"cucumber5jvm"},{"name":"language","value":"java"},{"name":"gherkin_uri","value":"file:///C:/Users/gowtham.n/IdeaProjects/WinAppDriver/src/test/java/FeatureFile/Calculator.feature"},{"name":"package","value":"src.test.java.FeatureFile.Calculator_feature.Automate Calculator Using WinAppDriver"}],"links":[],"name":"calculate the Arithematic Operations","status":"failed","statusDetails":{"known":false,"muted":false,"flaky":false,"message":"expected [225630] but found [309]","trace":"java.lang.AssertionError: expected [225630] but found [309]\r\n\tat org.testng.Assert.fail(Assert.java:110)\r\n\tat org.testng.Assert.failNotEquals(Assert.java:1577)\r\n\tat org.testng.Assert.assertEqualsImpl(Assert.java:149)\r\n\tat org.testng.Assert.assertEquals(Assert.java:131)\r\n\tat org.testng.Assert.assertEquals(Assert.java:1418)\r\n\tat org.testng.Assert.assertEquals(Assert.java:1382)\r\n\tat org.testng.Assert.assertEquals(Assert.java:1428)\r\n\tat PageObjects.ExpectedResults.results(ExpectedResults.java:29)\r\n\tat StepsDefination.CalsiSteps.get_the_operation_results_of_and(CalsiSteps.java:69)\r\n\tat ✽.get the operation results of \"654\" and \"345\"(file:///C:/Users/gowtham.n/IdeaProjects/WinAppDriver/src/test/java/FeatureFile/Calculator.feature:45)\r\n"},"stage":"finished","steps":[{"name":"Given  User is able to Open the  Windows Calculator","status":"passed","statusDetails":{"known":false,"muted":false,"flaky":false},"stage":"finished","steps":[],"attachments":[],"parameters":[],"start":1681933149868,"stop":1681933150470},{"name":"When  User is able Select the two Number \"654\" and \"345\" perform the \"Subtraction\"","status":"passed","statusDetails":{"known":false,"muted":false,"flaky":false},"stage":"finished","steps":[],"attachments":[],"parameters":[],"start":1681933150471,"stop":1681933153801},{"name":"When  get the operation results of \"654\" and \"345\"","status":"failed","statusDetails":{"known":false,"muted":false,"flaky":false,"message":"expected [225630] but found [309]","trace":"java.lang.AssertionError: expected [225630] but found [309]\r\n\tat org.testng.Assert.fail(Assert.java:110)\r\n\tat org.testng.Assert.failNotEquals(Assert.java:1577)\r\n\tat org.testng.Assert.assertEqualsImpl(Assert.java:149)\r\n\tat org.testng.Assert.assertEquals(Assert.java:131)\r\n\tat org.testng.Assert.assertEquals(Assert.java:1418)\r\n\tat org.testng.Assert.assertEquals(Assert.java:1382)\r\n\tat org.testng.Assert.assertEquals(Assert.java:1428)\r\n\tat PageObjects.ExpectedResults.results(ExpectedResults.java:29)\r\n\tat StepsDefination.CalsiSteps.get_the_operation_results_of_and(CalsiSteps.java:69)\r\n\tat ✽.get the operation results of \"654\" and \"345\"(file:///C:/Users/gowtham.n/IdeaProjects/WinAppDriver/src/test/java/FeatureFile/Calculator.feature:45)\r\n"},"stage":"finished","steps":[],"attachments":[],"parameters":[],"start":1681933153802,"stop":1681933153951},{"name":"Then  Verify the Results","status":"skipped","statusDetails":{"known":false,"muted":false,"flaky":false},"stage":"finished","steps":[],"attachments":[],"parameters":[],"start":1681933154086,"stop":1681933154086}],"attachments":[],"parameters":[{"name":"operation","value":"Subtraction"},{"name":"Digits1","value":"654"},{"name":"Digits2","value":"345"}],"start":1681933149868,"stop":1681933154087}