{"uuid":"62ae95f1-4690-4fea-a984-5c2721334d01","historyId":"24ccfaec2009b18d1996c5f306d4d678","fullName":"Automate Calculator Using WinAppDriver: multiplie the two Number","labels":[{"name":"host","value":"QT-INBG-LT0454"},{"name":"thread","value":"16412@QT-INBG-LT0454.main(1)"},{"name":"feature","value":"Automate Calculator Using WinAppDriver"},{"name":"story","value":"multiplie the two Number"},{"name":"suite","value":"Automate Calculator Using WinAppDriver"},{"name":"testClass","value":"multiplie the two Number"},{"name":"framework","value":"cucumber5jvm"},{"name":"language","value":"java"},{"name":"gherkin_uri","value":"file:///C:/Users/gowtham.n/IdeaProjects/WinAppDriver/src/test/java/FeatureFile/Calculator.feature"},{"name":"package","value":"src.test.java.FeatureFile.Calculator_feature.Automate Calculator Using WinAppDriver"}],"links":[],"name":"multiplie the two Number","status":"failed","statusDetails":{"known":false,"muted":false,"flaky":false,"message":"expected [15] but found [Display is 10]","trace":"java.lang.AssertionError: expected [15] but found [Display is 10]\r\n\tat org.testng.Assert.fail(Assert.java:110)\r\n\tat org.testng.Assert.failNotEquals(Assert.java:1577)\r\n\tat org.testng.Assert.assertEqualsImpl(Assert.java:149)\r\n\tat org.testng.Assert.assertEquals(Assert.java:131)\r\n\tat org.testng.Assert.assertEquals(Assert.java:655)\r\n\tat org.testng.Assert.assertEquals(Assert.java:665)\r\n\tat StepsDefination.CalsiSteps.get_the_results(CalsiSteps.java:33)\r\n\tat ✽.get the results(file:///C:/Users/gowtham.n/IdeaProjects/WinAppDriver/src/test/java/FeatureFile/Calculator.feature:5)\r\n"},"stage":"finished","steps":[{"name":"Given  User is able to Open the  Windows Calculator","status":"passed","statusDetails":{"known":false,"muted":false,"flaky":false},"stage":"finished","steps":[],"attachments":[],"parameters":[],"start":1681063206056,"stop":1681063208101},{"name":"When  User is able Select the two Number  and multiplication operation","status":"passed","statusDetails":{"known":false,"muted":false,"flaky":false},"stage":"finished","steps":[],"attachments":[],"parameters":[],"start":1681063208102,"stop":1681063209873},{"name":"When  get the results","status":"failed","statusDetails":{"known":false,"muted":false,"flaky":false,"message":"expected [15] but found [Display is 10]","trace":"java.lang.AssertionError: expected [15] but found [Display is 10]\r\n\tat org.testng.Assert.fail(Assert.java:110)\r\n\tat org.testng.Assert.failNotEquals(Assert.java:1577)\r\n\tat org.testng.Assert.assertEqualsImpl(Assert.java:149)\r\n\tat org.testng.Assert.assertEquals(Assert.java:131)\r\n\tat org.testng.Assert.assertEquals(Assert.java:655)\r\n\tat org.testng.Assert.assertEquals(Assert.java:665)\r\n\tat StepsDefination.CalsiSteps.get_the_results(CalsiSteps.java:33)\r\n\tat ✽.get the results(file:///C:/Users/gowtham.n/IdeaProjects/WinAppDriver/src/test/java/FeatureFile/Calculator.feature:5)\r\n"},"stage":"finished","steps":[],"attachments":[],"parameters":[],"start":1681063209874,"stop":1681063210151},{"name":"Then  Verify the Results","status":"skipped","statusDetails":{"known":false,"muted":false,"flaky":false},"stage":"finished","steps":[],"attachments":[],"parameters":[],"start":1681063210151,"stop":1681063210151}],"attachments":[],"parameters":[],"start":1681063206054,"stop":1681063210153}