{"uuid":"81f1b44d-eeaf-451d-bb1f-3f4585a64415","historyId":"69d132a29693249293564afd04554946","fullName":"Automate Calculator Using WinAppDriver: calculate the Arithematic Operations","labels":[{"name":"tag","value":"ArithematicOperation"},{"name":"host","value":"QT-INBG-LT0454"},{"name":"thread","value":"17136@QT-INBG-LT0454.main(1)"},{"name":"feature","value":"Automate Calculator Using WinAppDriver"},{"name":"story","value":"calculate the Arithematic Operations"},{"name":"suite","value":"Automate Calculator Using WinAppDriver"},{"name":"testClass","value":"calculate the Arithematic Operations"},{"name":"framework","value":"cucumber5jvm"},{"name":"language","value":"java"},{"name":"gherkin_uri","value":"file:///C:/Users/gowtham.n/IdeaProjects/WinAppDriver/src/test/java/FeatureFile/Calculator.feature"},{"name":"package","value":"src.test.java.FeatureFile.Calculator_feature.Automate Calculator Using WinAppDriver"}],"links":[],"name":"calculate the Arithematic Operations","status":"failed","statusDetails":{"known":false,"muted":false,"flaky":false,"message":"expected [50.00] but found [50.0]","trace":"java.lang.AssertionError: expected [50.00] but found [50.0]\r\n\tat org.testng.Assert.fail(Assert.java:110)\r\n\tat org.testng.Assert.failNotEquals(Assert.java:1577)\r\n\tat org.testng.Assert.assertEqualsImpl(Assert.java:149)\r\n\tat org.testng.Assert.assertEquals(Assert.java:131)\r\n\tat org.testng.Assert.assertEquals(Assert.java:643)\r\n\tat PageObjects.ExpectedResults.divisionesults(ExpectedResults.java:93)\r\n\tat PageObjects.ExpectedResults.verification(ExpectedResults.java:138)\r\n\tat StepsDefination.CalsiSteps.get_the_operation_results_of_and(CalsiSteps.java:39)\r\n\tat ✽.get the operation results of \"500\" and \"10\" \"Division\"(file:///C:/Users/gowtham.n/IdeaProjects/WinAppDriver/src/test/java/FeatureFile/Calculator.feature:6)\r\n"},"stage":"finished","steps":[{"name":"Given  User is able to Open the  Windows Calculator","status":"passed","statusDetails":{"known":false,"muted":false,"flaky":false},"stage":"finished","steps":[],"attachments":[],"parameters":[],"start":1682062419942,"stop":1682062423876},{"name":"When  User is able Select the two Number \"500\" and \"10\" perform the \"Division\"","status":"passed","statusDetails":{"known":false,"muted":false,"flaky":false},"stage":"finished","steps":[],"attachments":[],"parameters":[],"start":1682062423879,"stop":1682062428081},{"name":"When  get the operation results of \"500\" and \"10\" \"Division\"","status":"failed","statusDetails":{"known":false,"muted":false,"flaky":false,"message":"expected [50.00] but found [50.0]","trace":"java.lang.AssertionError: expected [50.00] but found [50.0]\r\n\tat org.testng.Assert.fail(Assert.java:110)\r\n\tat org.testng.Assert.failNotEquals(Assert.java:1577)\r\n\tat org.testng.Assert.assertEqualsImpl(Assert.java:149)\r\n\tat org.testng.Assert.assertEquals(Assert.java:131)\r\n\tat org.testng.Assert.assertEquals(Assert.java:643)\r\n\tat PageObjects.ExpectedResults.divisionesults(ExpectedResults.java:93)\r\n\tat PageObjects.ExpectedResults.verification(ExpectedResults.java:138)\r\n\tat StepsDefination.CalsiSteps.get_the_operation_results_of_and(CalsiSteps.java:39)\r\n\tat ✽.get the operation results of \"500\" and \"10\" \"Division\"(file:///C:/Users/gowtham.n/IdeaProjects/WinAppDriver/src/test/java/FeatureFile/Calculator.feature:6)\r\n"},"stage":"finished","steps":[],"attachments":[],"parameters":[],"start":1682062428082,"stop":1682062428236},{"name":"Then  Verify the Results","status":"skipped","statusDetails":{"known":false,"muted":false,"flaky":false},"stage":"finished","steps":[],"attachments":[],"parameters":[],"start":1682062428370,"stop":1682062428370}],"attachments":[],"parameters":[{"name":"operation","value":"Division"},{"name":"Digits1","value":"500"},{"name":"Digits2","value":"10"}],"start":1682062419940,"stop":1682062428372}