{"uuid":"82c2f6b5-cdd6-49e5-9d25-eb7cb88d55a6","historyId":"a41520702edd191b0148774ba550250c","fullName":"Automate Calculator Using WinAppDriver: calculate the length","labels":[{"name":"tag","value":"Length"},{"name":"host","value":"QT-INBG-LT0454"},{"name":"thread","value":"23168@QT-INBG-LT0454.main(1)"},{"name":"feature","value":"Automate Calculator Using WinAppDriver"},{"name":"story","value":"calculate the length"},{"name":"suite","value":"Automate Calculator Using WinAppDriver"},{"name":"testClass","value":"calculate the length"},{"name":"framework","value":"cucumber5jvm"},{"name":"language","value":"java"},{"name":"gherkin_uri","value":"file:///C:/Users/gowtham.n/IdeaProjects/WinAppDriver/src/test/java/FeatureFile/Calculator.feature"},{"name":"package","value":"src.test.java.FeatureFile.Calculator_feature.Automate Calculator Using WinAppDriver"}],"links":[],"name":"calculate the length","status":"failed","statusDetails":{"known":false,"muted":false,"flaky":false,"message":"expected [3.937] but found [3.937008]","trace":"java.lang.AssertionError: expected [3.937] but found [3.937008]\r\n\tat org.testng.Assert.fail(Assert.java:110)\r\n\tat org.testng.Assert.failNotEquals(Assert.java:1577)\r\n\tat org.testng.Assert.assertEqualsImpl(Assert.java:149)\r\n\tat org.testng.Assert.assertEquals(Assert.java:131)\r\n\tat org.testng.Assert.assertEquals(Assert.java:655)\r\n\tat org.testng.Assert.assertEquals(Assert.java:665)\r\n\tat PageObjects.ExpectedResults.lengthresults(ExpectedResults.java:77)\r\n\tat StepsDefination.CalsiSteps.get_the_Inches_results_of(CalsiSteps.java:76)\r\n\tat ✽.get the Inches results of \"10\"(file:///C:/Users/gowtham.n/IdeaProjects/WinAppDriver/src/test/java/FeatureFile/Calculator.feature:45)\r\n"},"stage":"finished","steps":[{"name":"Given  User is able to Open the  Windows Calculator","status":"passed","statusDetails":{"known":false,"muted":false,"flaky":false},"stage":"finished","steps":[],"attachments":[],"parameters":[],"start":1681475410759,"stop":1681475415221},{"name":"When  User is able Select the Centimeter \"10\" do operation","status":"passed","statusDetails":{"known":false,"muted":false,"flaky":false},"stage":"finished","steps":[],"attachments":[],"parameters":[],"start":1681475415225,"stop":1681475424265},{"name":"When  get the Inches results of \"10\"","status":"failed","statusDetails":{"known":false,"muted":false,"flaky":false,"message":"expected [3.937] but found [3.937008]","trace":"java.lang.AssertionError: expected [3.937] but found [3.937008]\r\n\tat org.testng.Assert.fail(Assert.java:110)\r\n\tat org.testng.Assert.failNotEquals(Assert.java:1577)\r\n\tat org.testng.Assert.assertEqualsImpl(Assert.java:149)\r\n\tat org.testng.Assert.assertEquals(Assert.java:131)\r\n\tat org.testng.Assert.assertEquals(Assert.java:655)\r\n\tat org.testng.Assert.assertEquals(Assert.java:665)\r\n\tat PageObjects.ExpectedResults.lengthresults(ExpectedResults.java:77)\r\n\tat StepsDefination.CalsiSteps.get_the_Inches_results_of(CalsiSteps.java:76)\r\n\tat ✽.get the Inches results of \"10\"(file:///C:/Users/gowtham.n/IdeaProjects/WinAppDriver/src/test/java/FeatureFile/Calculator.feature:45)\r\n"},"stage":"finished","steps":[],"attachments":[],"parameters":[],"start":1681475424267,"stop":1681475424565},{"name":"Then  Verify the Results","status":"skipped","statusDetails":{"known":false,"muted":false,"flaky":false},"stage":"finished","steps":[],"attachments":[],"parameters":[],"start":1681475424805,"stop":1681475424805}],"attachments":[],"parameters":[{"name":"Digits1","value":"10"}],"start":1681475410756,"stop":1681475424810}