{"uuid":"99213b70-c7f1-4de4-b8f0-a24b23465d12","historyId":"c92b33173ed291eb1f6e3d6cd3424555","fullName":"Automate Calculator Using WinAppDriver: calculate the tempreature","labels":[{"name":"tag","value":"Tempreature"},{"name":"host","value":"QT-INBG-LT0454"},{"name":"thread","value":"17508@QT-INBG-LT0454.main(1)"},{"name":"feature","value":"Automate Calculator Using WinAppDriver"},{"name":"story","value":"calculate the tempreature"},{"name":"suite","value":"Automate Calculator Using WinAppDriver"},{"name":"testClass","value":"calculate the tempreature"},{"name":"framework","value":"cucumber5jvm"},{"name":"language","value":"java"},{"name":"gherkin_uri","value":"file:///C:/Users/gowtham.n/IdeaProjects/WinAppDriver/src/test/java/FeatureFile/Calculator.feature"},{"name":"package","value":"src.test.java.FeatureFile.Calculator_feature.Automate Calculator Using WinAppDriver"}],"links":[],"name":"calculate the tempreature","status":"failed","statusDetails":{"known":false,"muted":false,"flaky":false,"message":"expected [true] but found [false]","trace":"java.lang.AssertionError: expected [true] but found [false]\r\n\tat org.testng.Assert.fail(Assert.java:110)\r\n\tat org.testng.Assert.failNotEquals(Assert.java:1577)\r\n\tat org.testng.Assert.assertTrue(Assert.java:56)\r\n\tat org.testng.Assert.assertTrue(Assert.java:66)\r\n\tat PageObjects.ExpectedResults.tempreresults(ExpectedResults.java:63)\r\n\tat StepsDefination.CalsiSteps.get_the_Fehrenheit_results_of(CalsiSteps.java:56)\r\n\tat ✽.get the Fehrenheit results of \"21\"(file:///C:/Users/gowtham.n/IdeaProjects/WinAppDriver/src/test/java/FeatureFile/Calculator.feature:26)\r\n"},"stage":"finished","steps":[{"name":"Given  User is able to Open the  Windows Calculator","status":"passed","statusDetails":{"known":false,"muted":false,"flaky":false},"stage":"finished","steps":[],"attachments":[],"parameters":[],"start":1681473025925,"stop":1681473031675},{"name":"When  User is able Select the Celsius \"21\" do operation","status":"passed","statusDetails":{"known":false,"muted":false,"flaky":false},"stage":"finished","steps":[],"attachments":[],"parameters":[],"start":1681473031678,"stop":1681473034512},{"name":"When  get the Fehrenheit results of \"21\"","status":"failed","statusDetails":{"known":false,"muted":false,"flaky":false,"message":"expected [true] but found [false]","trace":"java.lang.AssertionError: expected [true] but found [false]\r\n\tat org.testng.Assert.fail(Assert.java:110)\r\n\tat org.testng.Assert.failNotEquals(Assert.java:1577)\r\n\tat org.testng.Assert.assertTrue(Assert.java:56)\r\n\tat org.testng.Assert.assertTrue(Assert.java:66)\r\n\tat PageObjects.ExpectedResults.tempreresults(ExpectedResults.java:63)\r\n\tat StepsDefination.CalsiSteps.get_the_Fehrenheit_results_of(CalsiSteps.java:56)\r\n\tat ✽.get the Fehrenheit results of \"21\"(file:///C:/Users/gowtham.n/IdeaProjects/WinAppDriver/src/test/java/FeatureFile/Calculator.feature:26)\r\n"},"stage":"finished","steps":[],"attachments":[],"parameters":[],"start":1681473034514,"stop":1681473034739},{"name":"Then  Verify the Results","status":"skipped","statusDetails":{"known":false,"muted":false,"flaky":false},"stage":"finished","steps":[],"attachments":[],"parameters":[],"start":1681473034916,"stop":1681473034917}],"attachments":[],"parameters":[{"name":"Digits1","value":"21"}],"start":1681473025923,"stop":1681473034921}