{"uuid":"a3f9444f-3c62-4c72-a93b-905001ce6991","historyId":"c92b33173ed291eb1f6e3d6cd3424555","fullName":"Automate Calculator Using WinAppDriver: calculate the tempreature","labels":[{"name":"tag","value":"Tempreature"},{"name":"host","value":"QT-INBG-LT0454"},{"name":"thread","value":"704@QT-INBG-LT0454.main(1)"},{"name":"feature","value":"Automate Calculator Using WinAppDriver"},{"name":"story","value":"calculate the tempreature"},{"name":"suite","value":"Automate Calculator Using WinAppDriver"},{"name":"testClass","value":"calculate the tempreature"},{"name":"framework","value":"cucumber5jvm"},{"name":"language","value":"java"},{"name":"gherkin_uri","value":"file:///C:/Users/gowtham.n/IdeaProjects/WinAppDriver/src/test/java/FeatureFile/Calculator.feature"},{"name":"package","value":"src.test.java.FeatureFile.Calculator_feature.Automate Calculator Using WinAppDriver"}],"links":[],"name":"calculate the tempreature","status":"failed","statusDetails":{"known":false,"muted":false,"flaky":false,"message":"expected [294.15] but found [294.15]","trace":"java.lang.AssertionError: expected [294.15] but found [294.15]\r\n\tat org.testng.Assert.fail(Assert.java:110)\r\n\tat org.testng.Assert.failNotEquals(Assert.java:1577)\r\n\tat org.testng.Assert.assertEqualsImpl(Assert.java:149)\r\n\tat org.testng.Assert.assertEquals(Assert.java:131)\r\n\tat org.testng.Assert.assertEquals(Assert.java:643)\r\n\tat PageObjects.ExpectedResults.tempreresults(ExpectedResults.java:63)\r\n\tat StepsDefination.CalsiSteps.get_the_Fehrenheit_results_of(CalsiSteps.java:56)\r\n\tat ✽.get the Fehrenheit results of \"21\"(file:///C:/Users/gowtham.n/IdeaProjects/WinAppDriver/src/test/java/FeatureFile/Calculator.feature:26)\r\n"},"stage":"finished","steps":[{"name":"Given  User is able to Open the  Windows Calculator","status":"passed","statusDetails":{"known":false,"muted":false,"flaky":false},"stage":"finished","steps":[],"attachments":[],"parameters":[],"start":1681473267425,"stop":1681473272242},{"name":"When  User is able Select the Celsius \"21\" do operation","status":"passed","statusDetails":{"known":false,"muted":false,"flaky":false},"stage":"finished","steps":[],"attachments":[],"parameters":[],"start":1681473272251,"stop":1681473275372},{"name":"When  get the Fehrenheit results of \"21\"","status":"failed","statusDetails":{"known":false,"muted":false,"flaky":false,"message":"expected [294.15] but found [294.15]","trace":"java.lang.AssertionError: expected [294.15] but found [294.15]\r\n\tat org.testng.Assert.fail(Assert.java:110)\r\n\tat org.testng.Assert.failNotEquals(Assert.java:1577)\r\n\tat org.testng.Assert.assertEqualsImpl(Assert.java:149)\r\n\tat org.testng.Assert.assertEquals(Assert.java:131)\r\n\tat org.testng.Assert.assertEquals(Assert.java:643)\r\n\tat PageObjects.ExpectedResults.tempreresults(ExpectedResults.java:63)\r\n\tat StepsDefination.CalsiSteps.get_the_Fehrenheit_results_of(CalsiSteps.java:56)\r\n\tat ✽.get the Fehrenheit results of \"21\"(file:///C:/Users/gowtham.n/IdeaProjects/WinAppDriver/src/test/java/FeatureFile/Calculator.feature:26)\r\n"},"stage":"finished","steps":[],"attachments":[],"parameters":[],"start":1681473275374,"stop":1681473275592},{"name":"Then  Verify the Results","status":"skipped","statusDetails":{"known":false,"muted":false,"flaky":false},"stage":"finished","steps":[],"attachments":[],"parameters":[],"start":1681473275839,"stop":1681473275840}],"attachments":[],"parameters":[{"name":"Digits1","value":"21"}],"start":1681473267423,"stop":1681473275845}