{"uuid":"acc4f165-63c7-4d67-9f96-546d5b5f8fe0","historyId":"5cb48d86bcb1af904b82fb798946dd11","fullName":"Automate Calculator Using WinAppDriver: multiplie the two Number","labels":[{"name":"tag","value":"Multiplication"},{"name":"host","value":"QT-INBG-LT0454"},{"name":"thread","value":"15004@QT-INBG-LT0454.main(1)"},{"name":"feature","value":"Automate Calculator Using WinAppDriver"},{"name":"story","value":"multiplie the two Number"},{"name":"suite","value":"Automate Calculator Using WinAppDriver"},{"name":"testClass","value":"multiplie the two Number"},{"name":"framework","value":"cucumber5jvm"},{"name":"language","value":"java"},{"name":"gherkin_uri","value":"file:///C:/Users/gowtham.n/IdeaProjects/WinAppDriver/src/test/java/FeatureFile/Calculator.feature"},{"name":"package","value":"src.test.java.FeatureFile.Calculator_feature.Automate Calculator Using WinAppDriver"}],"links":[],"name":"multiplie the two Number","status":"failed","statusDetails":{"known":false,"muted":false,"flaky":false,"message":"expected [65] but found [946]","trace":"java.lang.AssertionError: expected [65] but found [946]\r\n\tat org.testng.Assert.fail(Assert.java:110)\r\n\tat org.testng.Assert.failNotEquals(Assert.java:1577)\r\n\tat org.testng.Assert.assertEqualsImpl(Assert.java:149)\r\n\tat org.testng.Assert.assertEquals(Assert.java:131)\r\n\tat org.testng.Assert.assertEquals(Assert.java:643)\r\n\tat PageObjects.Calculator.mutltipleresults(Calculator.java:27)\r\n\tat StepsDefination.CalsiSteps.get_the_results_of_and(CalsiSteps.java:46)\r\n\tat ✽.get the results of \"22\" and \"43\"(file:///C:/Users/gowtham.n/IdeaProjects/WinAppDriver/src/test/java/FeatureFile/Calculator.feature:6)\r\n"},"stage":"finished","steps":[{"name":"Given  User is able to Open the  Windows Calculator","status":"passed","statusDetails":{"known":false,"muted":false,"flaky":false},"stage":"finished","steps":[],"attachments":[],"parameters":[],"start":1681445980591,"stop":1681445984765},{"name":"When  User is able Select the two Number \"22\" and \"43\" and multiplication operation","status":"passed","statusDetails":{"known":false,"muted":false,"flaky":false},"stage":"finished","steps":[],"attachments":[],"parameters":[],"start":1681445984769,"stop":1681445987906},{"name":"When  get the results of \"22\" and \"43\"","status":"failed","statusDetails":{"known":false,"muted":false,"flaky":false,"message":"expected [65] but found [946]","trace":"java.lang.AssertionError: expected [65] but found [946]\r\n\tat org.testng.Assert.fail(Assert.java:110)\r\n\tat org.testng.Assert.failNotEquals(Assert.java:1577)\r\n\tat org.testng.Assert.assertEqualsImpl(Assert.java:149)\r\n\tat org.testng.Assert.assertEquals(Assert.java:131)\r\n\tat org.testng.Assert.assertEquals(Assert.java:643)\r\n\tat PageObjects.Calculator.mutltipleresults(Calculator.java:27)\r\n\tat StepsDefination.CalsiSteps.get_the_results_of_and(CalsiSteps.java:46)\r\n\tat ✽.get the results of \"22\" and \"43\"(file:///C:/Users/gowtham.n/IdeaProjects/WinAppDriver/src/test/java/FeatureFile/Calculator.feature:6)\r\n"},"stage":"finished","steps":[],"attachments":[],"parameters":[],"start":1681445987906,"stop":1681445988071},{"name":"Then  Verify the Results","status":"skipped","statusDetails":{"known":false,"muted":false,"flaky":false},"stage":"finished","steps":[],"attachments":[],"parameters":[],"start":1681445988227,"stop":1681445988227}],"attachments":[],"parameters":[{"name":"Digits1","value":"22"},{"name":"Digits2","value":"43"}],"start":1681445980588,"stop":1681445988230}