{"uuid":"e273d075-8d09-455b-afb0-0cb3109195fa","historyId":"a41520702edd191b0148774ba550250c","fullName":"Automate Calculator Using WinAppDriver: calculate the Arithematic Operations","labels":[{"name":"tag","value":"ArithematicOperation"},{"name":"host","value":"QT-INBG-LT0454"},{"name":"thread","value":"16704@QT-INBG-LT0454.main(1)"},{"name":"feature","value":"Automate Calculator Using WinAppDriver"},{"name":"story","value":"calculate the Arithematic Operations"},{"name":"suite","value":"Automate Calculator Using WinAppDriver"},{"name":"testClass","value":"calculate the Arithematic Operations"},{"name":"framework","value":"cucumber5jvm"},{"name":"language","value":"java"},{"name":"gherkin_uri","value":"file:///C:/Users/gowtham.n/IdeaProjects/WinAppDriver/src/test/java/FeatureFile/Calculator.feature"},{"name":"package","value":"src.test.java.FeatureFile.Calculator_feature.Automate Calculator Using WinAppDriver"}],"links":[],"name":"calculate the Arithematic Operations","status":"failed","statusDetails":{"known":false,"muted":false,"flaky":false,"message":"expected [29484] but found [360]","trace":"java.lang.AssertionError: expected [29484] but found [360]\r\n\tat org.testng.Assert.fail(Assert.java:110)\r\n\tat org.testng.Assert.failNotEquals(Assert.java:1577)\r\n\tat org.testng.Assert.assertEqualsImpl(Assert.java:149)\r\n\tat org.testng.Assert.assertEquals(Assert.java:131)\r\n\tat org.testng.Assert.assertEquals(Assert.java:1418)\r\n\tat org.testng.Assert.assertEquals(Assert.java:1382)\r\n\tat org.testng.Assert.assertEquals(Assert.java:1428)\r\n\tat PageObjects.ExpectedResults.results(ExpectedResults.java:29)\r\n\tat StepsDefination.CalsiSteps.get_the_operation_results_of_and(CalsiSteps.java:69)\r\n\tat ✽.get the operation results of \"234\" and \"126\"(file:///C:/Users/gowtham.n/IdeaProjects/WinAppDriver/src/test/java/FeatureFile/Calculator.feature:45)\r\n"},"stage":"finished","steps":[{"name":"Given  User is able to Open the  Windows Calculator","status":"passed","statusDetails":{"known":false,"muted":false,"flaky":false},"stage":"finished","steps":[],"attachments":[],"parameters":[],"start":1681932852098,"stop":1681932855976},{"name":"When  User is able Select the two Number \"234\" and \"126\" perform the \"Addition\"","status":"passed","statusDetails":{"known":false,"muted":false,"flaky":false},"stage":"finished","steps":[],"attachments":[],"parameters":[],"start":1681932855979,"stop":1681932859173},{"name":"When  get the operation results of \"234\" and \"126\"","status":"failed","statusDetails":{"known":false,"muted":false,"flaky":false,"message":"expected [29484] but found [360]","trace":"java.lang.AssertionError: expected [29484] but found [360]\r\n\tat org.testng.Assert.fail(Assert.java:110)\r\n\tat org.testng.Assert.failNotEquals(Assert.java:1577)\r\n\tat org.testng.Assert.assertEqualsImpl(Assert.java:149)\r\n\tat org.testng.Assert.assertEquals(Assert.java:131)\r\n\tat org.testng.Assert.assertEquals(Assert.java:1418)\r\n\tat org.testng.Assert.assertEquals(Assert.java:1382)\r\n\tat org.testng.Assert.assertEquals(Assert.java:1428)\r\n\tat PageObjects.ExpectedResults.results(ExpectedResults.java:29)\r\n\tat StepsDefination.CalsiSteps.get_the_operation_results_of_and(CalsiSteps.java:69)\r\n\tat ✽.get the operation results of \"234\" and \"126\"(file:///C:/Users/gowtham.n/IdeaProjects/WinAppDriver/src/test/java/FeatureFile/Calculator.feature:45)\r\n"},"stage":"finished","steps":[],"attachments":[],"parameters":[],"start":1681932859174,"stop":1681932859320},{"name":"Then  Verify the Results","status":"skipped","statusDetails":{"known":false,"muted":false,"flaky":false},"stage":"finished","steps":[],"attachments":[],"parameters":[],"start":1681932859445,"stop":1681932859445}],"attachments":[],"parameters":[{"name":"operation","value":"Addition"},{"name":"Digits1","value":"234"},{"name":"Digits2","value":"126"}],"start":1681932852096,"stop":1681932859447}