{"uuid":"e6b87e39-1905-4179-8c42-2044737f0bea","historyId":"5cb48d86bcb1af904b82fb798946dd11","fullName":"Automate Calculator Using WinAppDriver: multiplie the two Number","labels":[{"name":"tag","value":"Multiplication"},{"name":"host","value":"QT-INBG-LT0454"},{"name":"thread","value":"17800@QT-INBG-LT0454.main(1)"},{"name":"feature","value":"Automate Calculator Using WinAppDriver"},{"name":"story","value":"multiplie the two Number"},{"name":"suite","value":"Automate Calculator Using WinAppDriver"},{"name":"testClass","value":"multiplie the two Number"},{"name":"framework","value":"cucumber5jvm"},{"name":"language","value":"java"},{"name":"gherkin_uri","value":"file:///C:/Users/gowtham.n/IdeaProjects/WinAppDriver/src/test/java/FeatureFile/Calculator.feature"},{"name":"package","value":"src.test.java.FeatureFile.Calculator_feature.Automate Calculator Using WinAppDriver"}],"links":[],"name":"multiplie the two Number","status":"broken","statusDetails":{"known":false,"muted":false,"flaky":false,"message":"An element could not be located on the page using the given search parameters. (WARNING: The server did not provide any stacktrace information)\nCommand duration or timeout: 0 milliseconds\nFor documentation on this error, please visit: http://seleniumhq.org/exceptions/no_such_element.html\nBuild info: version: '3.141.5', revision: 'd54ebd709a', time: '2018-11-06T11:42:16'\nSystem info: host: 'QT-INBG-LT0454', ip: '10.20.15.94', os.name: 'Windows 10', os.arch: 'amd64', os.version: '10.0', java.version: '17.0.6'\nDriver info: io.appium.java_client.windows.WindowsDriver\nCapabilities {app: Microsoft.WindowsCalculator..., javascriptEnabled: true, platform: WINDOWS, platformName: Windows}\nSession ID: BF44601F-D7CF-4D0D-A1AD-C4383BBAC801\n*** Element info: {Using=accessibility id, value=multiplyButton}","trace":"org.openqa.selenium.NoSuchElementException: An element could not be located on the page using the given search parameters. (WARNING: The server did not provide any stacktrace information)\nCommand duration or timeout: 0 milliseconds\nFor documentation on this error, please visit: http://seleniumhq.org/exceptions/no_such_element.html\nBuild info: version: '3.141.5', revision: 'd54ebd709a', time: '2018-11-06T11:42:16'\nSystem info: host: 'QT-INBG-LT0454', ip: '10.20.15.94', os.name: 'Windows 10', os.arch: 'amd64', os.version: '10.0', java.version: '17.0.6'\nDriver info: io.appium.java_client.windows.WindowsDriver\nCapabilities {app: Microsoft.WindowsCalculator..., javascriptEnabled: true, platform: WINDOWS, platformName: Windows}\nSession ID: BF44601F-D7CF-4D0D-A1AD-C4383BBAC801\n*** Element info: {Using=accessibility id, value=multiplyButton}\r\n\tat java.base/jdk.internal.reflect.NativeConstructorAccessorImpl.newInstance0(Native Method)\r\n\tat java.base/jdk.internal.reflect.NativeConstructorAccessorImpl.newInstance(NativeConstructorAccessorImpl.java:77)\r\n\tat java.base/jdk.internal.reflect.DelegatingConstructorAccessorImpl.newInstance(DelegatingConstructorAccessorImpl.java:45)\r\n\tat java.base/java.lang.reflect.Constructor.newInstanceWithCaller(Constructor.java:499)\r\n\tat java.base/java.lang.reflect.Constructor.newInstance(Constructor.java:480)\r\n\tat org.openqa.selenium.remote.ErrorHandler.createThrowable(ErrorHandler.java:214)\r\n\tat org.openqa.selenium.remote.ErrorHandler.throwIfResponseFailed(ErrorHandler.java:166)\r\n\tat org.openqa.selenium.remote.http.JsonHttpResponseCodec.reconstructValue(JsonHttpResponseCodec.java:40)\r\n\tat org.openqa.selenium.remote.http.AbstractHttpResponseCodec.decode(AbstractHttpResponseCodec.java:80)\r\n\tat org.openqa.selenium.remote.http.AbstractHttpResponseCodec.decode(AbstractHttpResponseCodec.java:44)\r\n\tat org.openqa.selenium.remote.HttpCommandExecutor.execute(HttpCommandExecutor.java:158)\r\n\tat io.appium.java_client.remote.AppiumCommandExecutor.execute(AppiumCommandExecutor.java:239)\r\n\tat org.openqa.selenium.remote.RemoteWebDriver.execute(RemoteWebDriver.java:552)\r\n\tat io.appium.java_client.DefaultGenericMobileDriver.execute(DefaultGenericMobileDriver.java:41)\r\n\tat io.appium.java_client.AppiumDriver.execute(AppiumDriver.java:1)\r\n\tat io.appium.java_client.windows.WindowsDriver.execute(WindowsDriver.java:1)\r\n\tat org.openqa.selenium.remote.RemoteWebDriver.findElement(RemoteWebDriver.java:323)\r\n\tat io.appium.java_client.DefaultGenericMobileDriver.findElement(DefaultGenericMobileDriver.java:61)\r\n\tat io.appium.java_client.AppiumDriver.findElement(AppiumDriver.java:1)\r\n\tat io.appium.java_client.windows.WindowsDriver.findElement(WindowsDriver.java:1)\r\n\tat io.appium.java_client.FindsByAccessibilityId.findElementByAccessibilityId(FindsByAccessibilityId.java:37)\r\n\tat WinCommands.winCommands.AutomationId(winCommands.java:27)\r\n\tat WinCommands.winCommands.ClickAutomationID(winCommands.java:32)\r\n\tat PageObjects.Calculator.multi(Calculator.java:11)\r\n\tat PageObjects.Calculator.mutliplication(Calculator.java:111)\r\n\tat StepsDefination.CalsiSteps.user_is_able_Select_the_two_Number_and_and_multiplication_operation(CalsiSteps.java:36)\r\n\tat ✽.User is able Select the two Number \"22\" and \"43\" and multiplication operation(file:///C:/Users/gowtham.n/IdeaProjects/WinAppDriver/src/test/java/FeatureFile/Calculator.feature:5)\r\n"},"stage":"finished","steps":[{"name":"Given  User is able to Open the  Windows Calculator","status":"passed","statusDetails":{"known":false,"muted":false,"flaky":false},"stage":"finished","steps":[],"attachments":[],"parameters":[],"start":1681286655434,"stop":1681286657019},{"name":"When  User is able Select the two Number \"22\" and \"43\" and multiplication operation","status":"broken","statusDetails":{"known":false,"muted":false,"flaky":false,"message":"An element could not be located on the page using the given search parameters. (WARNING: The server did not provide any stacktrace information)\nCommand duration or timeout: 0 milliseconds\nFor documentation on this error, please visit: http://seleniumhq.org/exceptions/no_such_element.html\nBuild info: version: '3.141.5', revision: 'd54ebd709a', time: '2018-11-06T11:42:16'\nSystem info: host: 'QT-INBG-LT0454', ip: '10.20.15.94', os.name: 'Windows 10', os.arch: 'amd64', os.version: '10.0', java.version: '17.0.6'\nDriver info: io.appium.java_client.windows.WindowsDriver\nCapabilities {app: Microsoft.WindowsCalculator..., javascriptEnabled: true, platform: WINDOWS, platformName: Windows}\nSession ID: BF44601F-D7CF-4D0D-A1AD-C4383BBAC801\n*** Element info: {Using=accessibility id, value=multiplyButton}","trace":"org.openqa.selenium.NoSuchElementException: An element could not be located on the page using the given search parameters. (WARNING: The server did not provide any stacktrace information)\nCommand duration or timeout: 0 milliseconds\nFor documentation on this error, please visit: http://seleniumhq.org/exceptions/no_such_element.html\nBuild info: version: '3.141.5', revision: 'd54ebd709a', time: '2018-11-06T11:42:16'\nSystem info: host: 'QT-INBG-LT0454', ip: '10.20.15.94', os.name: 'Windows 10', os.arch: 'amd64', os.version: '10.0', java.version: '17.0.6'\nDriver info: io.appium.java_client.windows.WindowsDriver\nCapabilities {app: Microsoft.WindowsCalculator..., javascriptEnabled: true, platform: WINDOWS, platformName: Windows}\nSession ID: BF44601F-D7CF-4D0D-A1AD-C4383BBAC801\n*** Element info: {Using=accessibility id, value=multiplyButton}\r\n\tat java.base/jdk.internal.reflect.NativeConstructorAccessorImpl.newInstance0(Native Method)\r\n\tat java.base/jdk.internal.reflect.NativeConstructorAccessorImpl.newInstance(NativeConstructorAccessorImpl.java:77)\r\n\tat java.base/jdk.internal.reflect.DelegatingConstructorAccessorImpl.newInstance(DelegatingConstructorAccessorImpl.java:45)\r\n\tat java.base/java.lang.reflect.Constructor.newInstanceWithCaller(Constructor.java:499)\r\n\tat java.base/java.lang.reflect.Constructor.newInstance(Constructor.java:480)\r\n\tat org.openqa.selenium.remote.ErrorHandler.createThrowable(ErrorHandler.java:214)\r\n\tat org.openqa.selenium.remote.ErrorHandler.throwIfResponseFailed(ErrorHandler.java:166)\r\n\tat org.openqa.selenium.remote.http.JsonHttpResponseCodec.reconstructValue(JsonHttpResponseCodec.java:40)\r\n\tat org.openqa.selenium.remote.http.AbstractHttpResponseCodec.decode(AbstractHttpResponseCodec.java:80)\r\n\tat org.openqa.selenium.remote.http.AbstractHttpResponseCodec.decode(AbstractHttpResponseCodec.java:44)\r\n\tat org.openqa.selenium.remote.HttpCommandExecutor.execute(HttpCommandExecutor.java:158)\r\n\tat io.appium.java_client.remote.AppiumCommandExecutor.execute(AppiumCommandExecutor.java:239)\r\n\tat org.openqa.selenium.remote.RemoteWebDriver.execute(RemoteWebDriver.java:552)\r\n\tat io.appium.java_client.DefaultGenericMobileDriver.execute(DefaultGenericMobileDriver.java:41)\r\n\tat io.appium.java_client.AppiumDriver.execute(AppiumDriver.java:1)\r\n\tat io.appium.java_client.windows.WindowsDriver.execute(WindowsDriver.java:1)\r\n\tat org.openqa.selenium.remote.RemoteWebDriver.findElement(RemoteWebDriver.java:323)\r\n\tat io.appium.java_client.DefaultGenericMobileDriver.findElement(DefaultGenericMobileDriver.java:61)\r\n\tat io.appium.java_client.AppiumDriver.findElement(AppiumDriver.java:1)\r\n\tat io.appium.java_client.windows.WindowsDriver.findElement(WindowsDriver.java:1)\r\n\tat io.appium.java_client.FindsByAccessibilityId.findElementByAccessibilityId(FindsByAccessibilityId.java:37)\r\n\tat WinCommands.winCommands.AutomationId(winCommands.java:27)\r\n\tat WinCommands.winCommands.ClickAutomationID(winCommands.java:32)\r\n\tat PageObjects.Calculator.multi(Calculator.java:11)\r\n\tat PageObjects.Calculator.mutliplication(Calculator.java:111)\r\n\tat StepsDefination.CalsiSteps.user_is_able_Select_the_two_Number_and_and_multiplication_operation(CalsiSteps.java:36)\r\n\tat ✽.User is able Select the two Number \"22\" and \"43\" and multiplication operation(file:///C:/Users/gowtham.n/IdeaProjects/WinAppDriver/src/test/java/FeatureFile/Calculator.feature:5)\r\n"},"stage":"finished","steps":[],"attachments":[],"parameters":[],"start":1681286657024,"stop":1681286687054},{"name":"When  get the results","status":"skipped","statusDetails":{"known":false,"muted":false,"flaky":false},"stage":"finished","steps":[],"attachments":[],"parameters":[],"start":1681286687412,"stop":1681286687414},{"name":"Then  Verify the Results","status":"skipped","statusDetails":{"known":false,"muted":false,"flaky":false},"stage":"finished","steps":[],"attachments":[],"parameters":[],"start":1681286687415,"stop":1681286687416}],"attachments":[],"parameters":[{"name":"Digits1","value":"22"},{"name":"Digits2","value":"43"}],"start":1681286655432,"stop":1681286687421}