{"uuid":"e7d956d0-85ba-46eb-bcf4-25f05f9265a3","historyId":"1993736e413a88a893fa9240069d939","fullName":"Automate Calculator Using WinAppDriver: division the two Number","labels":[{"name":"tag","value":"Division"},{"name":"host","value":"QT-INBG-LT0454"},{"name":"thread","value":"12128@QT-INBG-LT0454.main(1)"},{"name":"feature","value":"Automate Calculator Using WinAppDriver"},{"name":"story","value":"division the two Number"},{"name":"suite","value":"Automate Calculator Using WinAppDriver"},{"name":"testClass","value":"division the two Number"},{"name":"framework","value":"cucumber5jvm"},{"name":"language","value":"java"},{"name":"gherkin_uri","value":"file:///C:/Users/gowtham.n/IdeaProjects/WinAppDriver/src/test/java/FeatureFile/Calculator.feature"},{"name":"package","value":"src.test.java.FeatureFile.Calculator_feature.Automate Calculator Using WinAppDriver"}],"links":[],"name":"division the two Number","status":"failed","statusDetails":{"known":false,"muted":false,"flaky":false,"message":"expected [true] but found [false]","trace":"java.lang.AssertionError: expected [true] but found [false]\r\n\tat org.testng.Assert.fail(Assert.java:110)\r\n\tat org.testng.Assert.failNotEquals(Assert.java:1577)\r\n\tat org.testng.Assert.assertTrue(Assert.java:56)\r\n\tat org.testng.Assert.assertTrue(Assert.java:66)\r\n\tat PageObjects.Calculator.mutltipleresults(Calculator.java:26)\r\n\tat StepsDefination.CalsiSteps.get_the_results(CalsiSteps.java:48)\r\n\tat ✽.get the results(file:///C:/Users/gowtham.n/IdeaProjects/WinAppDriver/src/test/java/FeatureFile/Calculator.feature:16)\r\n"},"stage":"finished","steps":[{"name":"Given  User is able to Open the  Windows Calculator","status":"passed","statusDetails":{"known":false,"muted":false,"flaky":false},"stage":"finished","steps":[],"attachments":[],"parameters":[],"start":1681371961979,"stop":1681371965815},{"name":"When  User is able Select the two Number \"22\" and \"43\" and division operation","status":"passed","statusDetails":{"known":false,"muted":false,"flaky":false},"stage":"finished","steps":[],"attachments":[],"parameters":[],"start":1681371965815,"stop":1681371969547},{"name":"When  get the results","status":"failed","statusDetails":{"known":false,"muted":false,"flaky":false,"message":"expected [true] but found [false]","trace":"java.lang.AssertionError: expected [true] but found [false]\r\n\tat org.testng.Assert.fail(Assert.java:110)\r\n\tat org.testng.Assert.failNotEquals(Assert.java:1577)\r\n\tat org.testng.Assert.assertTrue(Assert.java:56)\r\n\tat org.testng.Assert.assertTrue(Assert.java:66)\r\n\tat PageObjects.Calculator.mutltipleresults(Calculator.java:26)\r\n\tat StepsDefination.CalsiSteps.get_the_results(CalsiSteps.java:48)\r\n\tat ✽.get the results(file:///C:/Users/gowtham.n/IdeaProjects/WinAppDriver/src/test/java/FeatureFile/Calculator.feature:16)\r\n"},"stage":"finished","steps":[],"attachments":[],"parameters":[],"start":1681371969548,"stop":1681371969800},{"name":"Then  Verify the Results","status":"skipped","statusDetails":{"known":false,"muted":false,"flaky":false},"stage":"finished","steps":[],"attachments":[],"parameters":[],"start":1681371970000,"stop":1681371970000}],"attachments":[],"parameters":[{"name":"Digits1","value":"22"},{"name":"Digits2","value":"43"}],"start":1681371961979,"stop":1681371970001}