{"uuid":"f0985c8f-9ae9-4424-9eef-63124178b3ce","historyId":"7198b5010dd51002985b57b38b1e0b87","fullName":"Automate Calculator Using WinAppDriver: calculate the Arithematic Operations","labels":[{"name":"tag","value":"ArithematicOperation"},{"name":"host","value":"QT-INBG-LT0454"},{"name":"thread","value":"16208@QT-INBG-LT0454.main(1)"},{"name":"feature","value":"Automate Calculator Using WinAppDriver"},{"name":"story","value":"calculate the Arithematic Operations"},{"name":"suite","value":"Automate Calculator Using WinAppDriver"},{"name":"testClass","value":"calculate the Arithematic Operations"},{"name":"framework","value":"cucumber5jvm"},{"name":"language","value":"java"},{"name":"gherkin_uri","value":"file:///C:/Users/gowtham.n/IdeaProjects/WinAppDriver/src/test/java/FeatureFile/Calculator.feature"},{"name":"package","value":"src.test.java.FeatureFile.Calculator_feature.Automate Calculator Using WinAppDriver"}],"links":[],"name":"calculate the Arithematic Operations","status":"failed","statusDetails":{"known":false,"muted":false,"flaky":false,"message":"expected [92625] but found [0]","trace":"java.lang.AssertionError: expected [92625] but found [0]\r\n\tat org.testng.Assert.fail(Assert.java:110)\r\n\tat org.testng.Assert.failNotEquals(Assert.java:1577)\r\n\tat org.testng.Assert.assertEqualsImpl(Assert.java:149)\r\n\tat org.testng.Assert.assertEquals(Assert.java:131)\r\n\tat org.testng.Assert.assertEquals(Assert.java:1418)\r\n\tat org.testng.Assert.assertEquals(Assert.java:1382)\r\n\tat org.testng.Assert.assertEquals(Assert.java:1428)\r\n\tat PageObjects.ExpectedResults.results(ExpectedResults.java:29)\r\n\tat StepsDefination.CalsiSteps.get_the_operation_results_of_and(CalsiSteps.java:70)\r\n\tat ✽.get the operation results of \"247\" and \"375\"(file:///C:/Users/gowtham.n/IdeaProjects/WinAppDriver/src/test/java/FeatureFile/Calculator.feature:45)\r\n"},"stage":"finished","steps":[{"name":"Given  User is able to Open the  Windows Calculator","status":"passed","statusDetails":{"known":false,"muted":false,"flaky":false},"stage":"finished","steps":[],"attachments":[],"parameters":[],"start":1681971351007,"stop":1681971351964},{"name":"When  User is able Select the two Number \"247\" and \"375\" perform the \"Multiplication\"","status":"passed","statusDetails":{"known":false,"muted":false,"flaky":false},"stage":"finished","steps":[],"attachments":[],"parameters":[],"start":1681971351964,"stop":1681971351965},{"name":"When  get the operation results of \"247\" and \"375\"","status":"failed","statusDetails":{"known":false,"muted":false,"flaky":false,"message":"expected [92625] but found [0]","trace":"java.lang.AssertionError: expected [92625] but found [0]\r\n\tat org.testng.Assert.fail(Assert.java:110)\r\n\tat org.testng.Assert.failNotEquals(Assert.java:1577)\r\n\tat org.testng.Assert.assertEqualsImpl(Assert.java:149)\r\n\tat org.testng.Assert.assertEquals(Assert.java:131)\r\n\tat org.testng.Assert.assertEquals(Assert.java:1418)\r\n\tat org.testng.Assert.assertEquals(Assert.java:1382)\r\n\tat org.testng.Assert.assertEquals(Assert.java:1428)\r\n\tat PageObjects.ExpectedResults.results(ExpectedResults.java:29)\r\n\tat StepsDefination.CalsiSteps.get_the_operation_results_of_and(CalsiSteps.java:70)\r\n\tat ✽.get the operation results of \"247\" and \"375\"(file:///C:/Users/gowtham.n/IdeaProjects/WinAppDriver/src/test/java/FeatureFile/Calculator.feature:45)\r\n"},"stage":"finished","steps":[],"attachments":[],"parameters":[],"start":1681971351966,"stop":1681971352115},{"name":"Then  Verify the Results","status":"skipped","statusDetails":{"known":false,"muted":false,"flaky":false},"stage":"finished","steps":[],"attachments":[],"parameters":[],"start":1681971352248,"stop":1681971352249}],"attachments":[],"parameters":[{"name":"operation","value":"Multiplication"},{"name":"Digits1","value":"247"},{"name":"Digits2","value":"375"}],"start":1681971351007,"stop":1681971352249}