{"uuid":"fb31d1b5-fe2e-4e6f-8398-ada73c6eedbf","historyId":"7198b5010dd51002985b57b38b1e0b87","fullName":"Automate Calculator Using WinAppDriver: calculate the Arithematic Operations","labels":[{"name":"tag","value":"ArithematicOperation"},{"name":"host","value":"QT-INBG-LT0454"},{"name":"thread","value":"4296@QT-INBG-LT0454.main(1)"},{"name":"feature","value":"Automate Calculator Using WinAppDriver"},{"name":"story","value":"calculate the Arithematic Operations"},{"name":"suite","value":"Automate Calculator Using WinAppDriver"},{"name":"testClass","value":"calculate the Arithematic Operations"},{"name":"framework","value":"cucumber5jvm"},{"name":"language","value":"java"},{"name":"gherkin_uri","value":"file:///C:/Users/gowtham.n/IdeaProjects/WinAppDriver/src/test/java/FeatureFile/Calculator.feature"},{"name":"package","value":"src.test.java.FeatureFile.Calculator_feature.Automate Calculator Using WinAppDriver"}],"links":[],"name":"calculate the Arithematic Operations","status":"failed","statusDetails":{"known":false,"muted":false,"flaky":false,"message":"expected [29484] but found [360]","trace":"java.lang.AssertionError: expected [29484] but found [360]\r\n\tat org.testng.Assert.fail(Assert.java:110)\r\n\tat org.testng.Assert.failNotEquals(Assert.java:1577)\r\n\tat org.testng.Assert.assertEqualsImpl(Assert.java:149)\r\n\tat org.testng.Assert.assertEquals(Assert.java:131)\r\n\tat org.testng.Assert.assertEquals(Assert.java:1418)\r\n\tat org.testng.Assert.assertEquals(Assert.java:1382)\r\n\tat org.testng.Assert.assertEquals(Assert.java:1428)\r\n\tat PageObjects.ExpectedResults.mutltipleresults(ExpectedResults.java:29)\r\n\tat StepsDefination.CalsiSteps.get_the_results_of_and(CalsiSteps.java:37)\r\n\tat ✽.get the results of \"234\" and \"126\"(file:///C:/Users/gowtham.n/IdeaProjects/WinAppDriver/src/test/java/FeatureFile/Calculator.feature:47)\r\n"},"stage":"finished","steps":[{"name":"Given  User is able to Open the  Windows Calculator","status":"passed","statusDetails":{"known":false,"muted":false,"flaky":false},"stage":"finished","steps":[],"attachments":[],"parameters":[],"start":1681929311570,"stop":1681929312829},{"name":"When  User is able Select the  Number1 \"234\"","status":"passed","statusDetails":{"known":false,"muted":false,"flaky":false},"stage":"finished","steps":[],"attachments":[],"parameters":[],"start":1681929312833,"stop":1681929314145},{"name":"And  User selects the \"Addition\"","status":"passed","statusDetails":{"known":false,"muted":false,"flaky":false},"stage":"finished","steps":[],"attachments":[],"parameters":[],"start":1681929314145,"stop":1681929314584},{"name":"When  User is able Select the  Number2 \"126\"","status":"passed","statusDetails":{"known":false,"muted":false,"flaky":false},"stage":"finished","steps":[],"attachments":[],"parameters":[],"start":1681929314585,"stop":1681929316244},{"name":"When  get the results of \"234\" and \"126\"","status":"failed","statusDetails":{"known":false,"muted":false,"flaky":false,"message":"expected [29484] but found [360]","trace":"java.lang.AssertionError: expected [29484] but found [360]\r\n\tat org.testng.Assert.fail(Assert.java:110)\r\n\tat org.testng.Assert.failNotEquals(Assert.java:1577)\r\n\tat org.testng.Assert.assertEqualsImpl(Assert.java:149)\r\n\tat org.testng.Assert.assertEquals(Assert.java:131)\r\n\tat org.testng.Assert.assertEquals(Assert.java:1418)\r\n\tat org.testng.Assert.assertEquals(Assert.java:1382)\r\n\tat org.testng.Assert.assertEquals(Assert.java:1428)\r\n\tat PageObjects.ExpectedResults.mutltipleresults(ExpectedResults.java:29)\r\n\tat StepsDefination.CalsiSteps.get_the_results_of_and(CalsiSteps.java:37)\r\n\tat ✽.get the results of \"234\" and \"126\"(file:///C:/Users/gowtham.n/IdeaProjects/WinAppDriver/src/test/java/FeatureFile/Calculator.feature:47)\r\n"},"stage":"finished","steps":[],"attachments":[],"parameters":[],"start":1681929316245,"stop":1681929316427},{"name":"Then  Verify the Results","status":"skipped","statusDetails":{"known":false,"muted":false,"flaky":false},"stage":"finished","steps":[],"attachments":[],"parameters":[],"start":1681929316597,"stop":1681929316597}],"attachments":[],"parameters":[{"name":"operation","value":"Addition"},{"name":"Digits1","value":"234"},{"name":"Digits2","value":"126"}],"start":1681929311568,"stop":1681929316599}